Log file open, 01/27/18 18:24:47
LogWindows: LoadLibraryWithSearchPaths failed for file aqProf.dll. GetLastError=0
LogWindows: LoadLibraryWithSearchPaths failed for file VSPerf140.dll. GetLastError=0
LogWindows: LoadLibraryWithSearchPaths failed for file VtuneApi.dll. GetLastError=0
LogWindows: LoadLibraryWithSearchPaths failed for file VtuneApi32e.dll. GetLastError=0
LogInit: Display: Running engine for game: cellshading
LogPlatformFile: Not using cached read wrapper
LogInit: Display: RandInit(-1307009805) SRandInit(-1307009805).
LogTaskGraph: Started task graph with 5 named threads and 14 total threads with 3 sets of task threads.
LogStats: Stats thread started at 0.176102
LogD3D11RHI: Aftermath initialized
LogPluginManager: Mounting plugin Paper2D
LogPluginManager: Mounting plugin LightPropagationVolume
LogPluginManager: Mounting plugin CodeLiteSourceCodeAccess
LogPluginManager: Mounting plugin GitSourceControl
LogPluginManager: Mounting plugin KDevelopSourceCodeAccess
LogPluginManager: Mounting plugin NullSourceCodeAccess
LogPluginManager: Mounting plugin PerforceSourceControl
LogPluginManager: Mounting plugin SubversionSourceControl
LogPluginManager: Mounting plugin UObjectPlugin
LogPluginManager: Mounting plugin VisualStudioSourceCodeAccess
LogPluginManager: Mounting plugin XCodeSourceCodeAccess
LogPluginManager: Mounting plugin AssetManagerEditor
LogPluginManager: Mounting plugin AudioCapture
LogPluginManager: Mounting plugin FacialAnimation
LogPluginManager: Mounting plugin GameplayTagsEditor
LogPluginManager: Mounting plugin MobileLauncherProfileWizard
LogPluginManager: Mounting plugin PluginBrowser
LogPluginManager: Mounting plugin SpeedTreeImporter
LogPluginManager: Mounting plugin AlembicImporter
LogPluginManager: Mounting plugin CharacterAI
LogPluginManager: Mounting plugin HTML5Networking
LogPluginManager: Mounting plugin AndroidMedia
LogPluginManager: Mounting plugin AvfMedia
LogPluginManager: Mounting plugin MediaPlayerEditor
LogPluginManager: Mounting plugin WmfMedia
LogPluginManager: Mounting plugin TcpMessaging
LogPluginManager: Mounting plugin UdpMessaging
LogPluginManager: Mounting plugin LevelSequenceEditor
LogPluginManager: Mounting plugin MatineeToLevelSequence
LogPluginManager: Mounting plugin OnlineSubsystemGooglePlay
LogPluginManager: Mounting plugin OnlineSubsystemIOS
LogPluginManager: Mounting plugin OnlineSubsystem
LogPluginManager: Mounting plugin OnlineSubsystemNull
LogPluginManager: Mounting plugin OnlineSubsystemUtils
LogPluginManager: Mounting plugin AndroidDeviceProfileSelector
LogPluginManager: Mounting plugin AndroidMoviePlayer
LogPluginManager: Mounting plugin AndroidPermission
LogPluginManager: Mounting plugin AppleMoviePlayer
LogPluginManager: Mounting plugin ArchVisCharacter
LogPluginManager: Mounting plugin CableComponent
LogPluginManager: Mounting plugin CustomMeshComponent
LogPluginManager: Mounting plugin ExampleDeviceProfileSelector
LogPluginManager: Mounting plugin GoogleCloudMessaging
LogPluginManager: Mounting plugin ImmediatePhysics
LogPluginManager: Mounting plugin IOSDeviceProfileSelector
LogPluginManager: Mounting plugin LinuxDeviceProfileSelector
LogPluginManager: Mounting plugin LocationServicesBPLibrary
LogPluginManager: Mounting plugin MobilePatchingUtils
LogPluginManager: Mounting plugin OculusVR
LogPluginManager: Mounting plugin PhysXVehicles
LogPluginManager: Mounting plugin ProceduralMeshComponent
LogPluginManager: Mounting plugin RuntimePhysXCooking
LogPluginManager: Mounting plugin SteamVR
LogPluginManager: Mounting plugin WindowsMoviePlayer
LogInit: Using libcurl 7.47.1
LogInit:  - built for x86_64-pc-win32
LogInit:  - supports SSL with OpenSSL/1.0.2g
LogInit:  - supports HTTP deflate (compression) using libz 1.2.8
LogInit:  - other features:
LogInit:      CURL_VERSION_SSL
LogInit:      CURL_VERSION_LIBZ
LogInit:      CURL_VERSION_IPV6
LogInit:      CURL_VERSION_ASYNCHDNS
LogInit:      CURL_VERSION_LARGEFILE
LogInit:      CURL_VERSION_IDN
LogInit:  CurlRequestOptions (configurable via config and command line):
LogInit:  - bVerifyPeer = false  - Libcurl will NOT verify peer certificate
LogInit:  - bUseHttpProxy = false  - Libcurl will NOT use HTTP proxy
LogInit:  - bDontReuseConnections = false  - Libcurl will reuse connections
LogInit:  - CertBundlePath = nullptr  - Libcurl will use whatever was configured at build time.
LogInit: Build: ++UE4+Release-4.17-CL-3573198
LogInit: Engine Version: 4.17.0-3573198+++UE4+Release-4.17
LogInit: Compatible Engine Version: 4.17.0-3573198+++UE4+Release-4.17
LogInit: Net CL: 3573198
LogDevObjectVersion: Number of dev versions registered: 16
LogDevObjectVersion:   Dev-Blueprints (B0D832E4-1F89-4F0D-ACCF-7EB736FD4AA2): 10
LogDevObjectVersion:   Dev-Build (E1C64328-A22C-4D53-A36C-8E866417BD8C): 0
LogDevObjectVersion:   Dev-Core (375EC13C-06E4-48FB-B500-84F0262A717E): 2
LogDevObjectVersion:   Dev-Editor (E4B068ED-F494-42E9-A231-DA0B2E46BB41): 20
LogDevObjectVersion:   Dev-Framework (CFFC743F-43B0-4480-9391-14DF171D2073): 28
LogDevObjectVersion:   Dev-Mobile (B02B49B5-BB20-44E9-A304-32B752E40360): 0
LogDevObjectVersion:   Dev-Networking (A4E4105C-59A1-49B5-A7C5-40C4547EDFEE): 0
LogDevObjectVersion:   Dev-Online (39C831C9-5AE6-47DC-9A44-9C173E1C8E7C): 0
LogDevObjectVersion:   Dev-Physics (78F01B33-EBEA-4F98-B9B4-84EACCB95AA2): 0
LogDevObjectVersion:   Dev-Platform (6631380F-2D4D-43E0-8009-CF276956A95A): 0
LogDevObjectVersion:   Dev-Rendering (12F88B9F-8875-4AFC-A67C-D90C383ABD29): 19
LogDevObjectVersion:   Dev-Sequencer (7B5AE74C-D270-4C10-A958-57980B212A5A): 4
LogDevObjectVersion:   Dev-VR (D7296918-1DD6-4BDD-9DE2-64A83CC13884): 0
LogDevObjectVersion:   Dev-LoadTimes (C2A15278-BFE7-4AFE-6C17-90FF531DF755): 1
LogDevObjectVersion:   Private-Geometry (6EACA3D4-40EC-4CC1-B786-8BED09428FC5): 1
LogDevObjectVersion:   Dev-AnimPhys (29E575DD-E0A3-4627-9D10-D276232CDCEA): 7
LogInit: Compiled (64-bit): Aug  4 2017 16:30:33
LogInit: Compiled with Visual C++: 19.00.24215.01
LogInit: Build Configuration: Development
LogInit: Branch Name: ++UE4+Release-4.17
LogInit: Command line:  
LogInit: Base directory: C:/Program Files/Epic Games/UE_4.17/Engine/Binaries/Win64/
LogInit: Installed Engine Build: 1
LogInit: Presizing for max 8388607 objects, including 0 objects not considered by GC, pre-allocating 0 bytes for permanent pool.
LogInit: Object subsystem initialized
[2018.01.27-23.24.48:952][  0]LogInit: Selected Device Profile: [Windows]
[2018.01.27-23.24.48:952][  0]LogInit: Applying CVar settings loaded from the selected device profile: [Windows]
[2018.01.27-23.24.49:003][  0]LogInit: Computer: ATC203-43
[2018.01.27-23.24.49:003][  0]LogInit: User: apolanco
[2018.01.27-23.24.49:003][  0]LogInit: CPU Page size=4096, Cores=4
[2018.01.27-23.24.49:003][  0]LogInit: High frequency timer resolution =3.417970 MHz
[2018.01.27-23.24.49:003][  0]LogMemory: Memory total: Physical=7.9GB (8GB approx)
[2018.01.27-23.24.49:003][  0]LogMemory: Platform Memory Stats for Windows
[2018.01.27-23.24.49:003][  0]LogMemory: Process Physical Memory: 279.00 MB used, 279.00 MB peak
[2018.01.27-23.24.49:003][  0]LogMemory: Process Virtual Memory: 282.23 MB used, 282.23 MB peak
[2018.01.27-23.24.49:003][  0]LogMemory: Physical Memory: 4735.75 MB used,  3393.86 MB free, 8129.61 MB total
[2018.01.27-23.24.49:003][  0]LogMemory: Virtual Memory: 713.81 MB used,  3393.86 MB free, 134217728.00 MB total
[2018.01.27-23.24.49:204][  0]LogInit: Using OS detected language (en-US).
[2018.01.27-23.24.49:204][  0]LogInit: Using OS detected locale (en-US).
[2018.01.27-23.24.49:207][  0]LogTextLocalizationManager: No specific localization for 'en-US' exists, so the 'en' localization will be used.
[2018.01.27-23.24.49:860][  0]LogD3D11RHI: D3D11 adapters:
[2018.01.27-23.24.49:895][  0]LogD3D11RHI:    0. 'NVIDIA GeForce GTX 780' (Feature Level 11_0)
[2018.01.27-23.24.49:895][  0]LogD3D11RHI:       3039/0/4064 MB DedicatedVideo/DedicatedSystem/SharedSystem, Outputs:2, VendorId:0x10de
[2018.01.27-23.24.49:898][  0]LogD3D11RHI:    1. 'Microsoft Basic Render Driver' (Feature Level 11_0)
[2018.01.27-23.24.49:898][  0]LogD3D11RHI:       0/0/4064 MB DedicatedVideo/DedicatedSystem/SharedSystem, Outputs:0, VendorId:0x1414
[2018.01.27-23.24.49:898][  0]LogD3D11RHI: Chosen D3D11 Adapter: 0
[2018.01.27-23.24.49:904][  0]LogD3D11RHI: Creating new Direct3DDevice
[2018.01.27-23.24.49:904][  0]LogD3D11RHI:     GPU DeviceId: 0x1004 (for the marketing name, search the web for "GPU Device Id")
[2018.01.27-23.24.49:904][  0]LogWindows: EnumDisplayDevices:
[2018.01.27-23.24.49:905][  0]LogWindows:    0. 'NVIDIA GeForce GTX 780' (P:0 D:1)
[2018.01.27-23.24.49:905][  0]LogWindows:    1. 'NVIDIA GeForce GTX 780' (P:1 D:1)
[2018.01.27-23.24.49:905][  0]LogWindows:    2. 'NVIDIA GeForce GTX 780' (P:0 D:0)
[2018.01.27-23.24.49:905][  0]LogWindows:    3. 'NVIDIA GeForce GTX 780' (P:0 D:0)
[2018.01.27-23.24.49:905][  0]LogWindows: DebugString: GetVideoDriverDetailsInvalid PrimaryIsNotTheChoosenAdapter GetVideoDriverDetailsInvalid PrimaryIsNotTheChoosenAdapter GetVideoDriverDetailsInvalid PrimaryIsNotTheChoosenAdapter GetVideoDriverDetailsInvalid PrimaryIsNotTheChoosenAdapter FoundDriverCount:0 
[2018.01.27-23.24.49:905][  0]LogD3D11RHI:     Adapter Name: NVIDIA GeForce GTX 780
[2018.01.27-23.24.49:905][  0]LogD3D11RHI:   Driver Version: Unknown (internal:Unknown, unified:Unknown)
[2018.01.27-23.24.49:905][  0]LogD3D11RHI:      Driver Date: Unknown
[2018.01.27-23.24.49:905][  0]LogRHI: Texture pool is 1361 MB (70% of 1945 MB)
[2018.01.27-23.24.49:931][  0]LogD3D11RHI: Async texture creation enabled
[2018.01.27-23.24.49:943][  0]LogD3D11RHI: GPU Timing Frequency: 1000.000000 (Debug: 2 1)
[2018.01.27-23.24.49:945][  0]LogShaderCompilers: Guid format shader working directory is 3 characters bigger than the processId version (//sulfur/users/apolanco/My Documents/GGJ 2018/Intermediate/Shaders/WorkingDirectory/12888/).
[2018.01.27-23.24.49:945][  0]LogShaderCompilers: Cleaned the shader compiler working directory 'C:/Users/apolanco/AppData/Local/Temp/UnrealShaderWorkingDir/C50EC6AA4F549DBC28560FB011E00E43/'.
[2018.01.27-23.24.49:946][  0]LogShaderCompilers: Display: Using Local Shader Compiler.
[2018.01.27-23.24.50:840][  0]LogTemp: Display: Loaded TP AllDesktopTargetPlatform
[2018.01.27-23.24.50:908][  0]LogTemp: Display: Loaded TP MacClientTargetPlatform
[2018.01.27-23.24.50:980][  0]LogTemp: Display: Loaded TP MacNoEditorTargetPlatform
[2018.01.27-23.24.51:052][  0]LogTemp: Display: Loaded TP MacServerTargetPlatform
[2018.01.27-23.24.51:132][  0]LogTemp: Display: Loaded TP MacTargetPlatform
[2018.01.27-23.24.51:205][  0]LogTemp: Display: Loaded TP WindowsClientTargetPlatform
[2018.01.27-23.24.51:274][  0]LogTemp: Display: Loaded TP WindowsNoEditorTargetPlatform
[2018.01.27-23.24.51:342][  0]LogTemp: Display: Loaded TP WindowsServerTargetPlatform
[2018.01.27-23.24.51:406][  0]LogTemp: Display: Loaded TP WindowsTargetPlatform
[2018.01.27-23.24.51:474][  0]LogTemp: Display: Loaded TP AndroidTargetPlatform
[2018.01.27-23.24.51:541][  0]LogTemp: Display: Loaded TP Android_ASTCTargetPlatform
[2018.01.27-23.24.51:611][  0]LogTemp: Display: Loaded TP Android_ATCTargetPlatform
[2018.01.27-23.24.51:678][  0]LogTemp: Display: Loaded TP Android_DXTTargetPlatform
[2018.01.27-23.24.51:746][  0]LogTemp: Display: Loaded TP Android_ETC1TargetPlatform
[2018.01.27-23.24.51:815][  0]LogTemp: Display: Loaded TP Android_ETC2TargetPlatform
[2018.01.27-23.24.51:952][  0]LogTemp: Display: Loaded TP Android_MultiTargetPlatform
[2018.01.27-23.24.51:952][  0]LogTemp: Display: Loaded TP Android_PVRTCTargetPlatform
[2018.01.27-23.24.51:999][  0]LogTemp: Display: Loaded TP HTML5TargetPlatform
[2018.01.27-23.24.52:115][  0]LogTemp: Display: Loaded TP IOSTargetPlatform
[2018.01.27-23.24.52:164][  0]LogTemp: Display: Loaded TP TVOSTargetPlatform
[2018.01.27-23.24.52:232][  0]LogTemp: Display: Loaded TP LinuxClientTargetPlatform
[2018.01.27-23.24.52:298][  0]LogTemp: Display: Loaded TP LinuxNoEditorTargetPlatform
[2018.01.27-23.24.52:363][  0]LogTemp: Display: Loaded TP LinuxServerTargetPlatform
[2018.01.27-23.24.52:429][  0]LogTemp: Display: Loaded TP LinuxTargetPlatform
[2018.01.27-23.24.52:429][  0]LogTargetPlatformManager: Display: Building Assets For Windows
[2018.01.27-23.24.53:019][  0]LogDerivedDataCache: Display: Max Cache Size: 512 MB
[2018.01.27-23.24.53:095][  0]LogDerivedDataCache: Loaded boot cache 0.08s 93MB C:/Users/apolanco/AppData/Local/UnrealEngine/4.17/DerivedDataCache/Boot.ddc.
[2018.01.27-23.24.53:095][  0]LogDerivedDataCache: Display: Loaded Boot cache: C:/Users/apolanco/AppData/Local/UnrealEngine/4.17/DerivedDataCache/Boot.ddc
[2018.01.27-23.24.53:096][  0]LogDerivedDataCache: FDerivedDataBackendGraph:  Pak pak cache file //sulfur/users/apolanco/My Documents/GGJ 2018/DerivedDataCache/DDC.ddp not found, will not use a pak cache.
[2018.01.27-23.24.53:096][  0]LogDerivedDataCache: Unable to find inner node Pak for hierarchical cache Hierarchy.
[2018.01.27-23.24.53:097][  0]LogDerivedDataCache: FDerivedDataBackendGraph:  CompressedPak pak cache file //sulfur/users/apolanco/My Documents/GGJ 2018/DerivedDataCache/Compressed.ddp not found, will not use a pak cache.
[2018.01.27-23.24.53:097][  0]LogDerivedDataCache: Unable to find inner node CompressedPak for hierarchical cache Hierarchy.
[2018.01.27-23.24.53:111][  0]LogDerivedDataCache: Display: Pak cache opened for reading ../../../Engine/DerivedDataCache/Compressed.ddp.
[2018.01.27-23.24.53:123][  0]LogDerivedDataCache: Using Local data cache path C:/Users/apolanco/AppData/Local/UnrealEngine/Common/DerivedDataCache: Writable
[2018.01.27-23.24.53:132][  0]LogMaterial: Verifying Global Shaders for PCD3D_SM5
[2018.01.27-23.24.53:132][  0]LogSlate: Using Freetype 2.6.0
[2018.01.27-23.24.53:133][  0]LogSlate: SlateFontCache - WITH_FREETYPE: 1, WITH_HARFBUZZ: 1
[2018.01.27-23.24.53:133][  0]LogSlate: SlateFontCache - WITH_FREETYPE: 1, WITH_HARFBUZZ: 1
[2018.01.27-23.24.53:380][  0]LogAssetRegistry: FAssetRegistry took 0.0349 seconds to start up
[2018.01.27-23.24.53:761][  0]LogInit: Selected Device Profile: [Windows]
[2018.01.27-23.24.53:925][  0]LogContentStreaming: Texture pool size is 0.00 MB
[2018.01.27-23.24.54:283][  0]LogSimplygon: Simplygon DLL not present - disabling.
[2018.01.27-23.24.54:336][  0]LogMeshReduction: Using SimplygonSwarm for distributed automatic mesh merging
[2018.01.27-23.24.54:336][  0]LogMeshReduction: Using QuadricMeshReduction for automatic static mesh reduction
[2018.01.27-23.24.54:336][  0]LogMeshReduction: No automatic skeletal mesh reduction module available
[2018.01.27-23.24.54:336][  0]LogMeshReduction: No automatic mesh merging module available
[2018.01.27-23.24.54:336][  0]LogMeshMerging: No automatic mesh merging module available
[2018.01.27-23.24.54:681][  0]LogNetVersion: cellshading , NetCL: 3573198, EngineNetVer: 2, GameNetVer: 0 (Checksum: 3696747130)
[2018.01.27-23.24.55:332][  0]LogPackageLocalizationCache: Processed 5 localized package path(s) for 2 prioritized culture(s) in 0.483850 seconds
[2018.01.27-23.24.55:338][  0]LogUObjectArray: 35825 objects as part of root set at end of initial load.
[2018.01.27-23.24.55:338][  0]LogUObjectAllocator: 7529112 out of 0 bytes used by permanent object pool.
[2018.01.27-23.24.55:338][  0]LogUObjectArray: CloseDisregardForGC: 0/0 objects in disregard for GC pool
[2018.01.27-23.24.55:414][  0]LogInit: WinSock: version 1.1 (2.2), MaxSocks=32767, MaxUdp=65467
[2018.01.27-23.24.58:087][  0]LogTcpMessaging: Initializing TcpMessaging bridge
[2018.01.27-23.24.58:131][  0]LogUdpMessaging: Initializing bridge on interface 0.0.0.0:0 to multicast group 230.0.0.1:6666.
[2018.01.27-23.24.58:131][  0]LogDirectoryWatcher: A directory notification failed for '//sulfur/users/apolanco/My Documents/GGJ 2018/Content/' because it was empty or there was a buffer overflow. Attemping another request...
[2018.01.27-23.24.59:256][  0]LogMaterial: Uniform references updated for custom material expression Custom.
[2018.01.27-23.24.59:723][  0]SourceControl: Source control is disabled
[2018.01.27-23.24.59:723][  0]SourceControl: Source control is disabled
[2018.01.27-23.24.59:777][  0]SourceControl: Source control is disabled
[2018.01.27-23.24.59:829][  0]SourceControl: Source control is disabled
[2018.01.27-23.25.00:495][  0]LogAndroidPermission: UAndroidPermissionCallbackProxy::GetInstance
[2018.01.27-23.25.00:780][  0]LogOcInput: OculusInput pre-init called
[2018.01.27-23.25.01:064][  0]LogEngine: Initializing Engine...
[2018.01.27-23.25.01:066][  0]LogHMD: Failed to initialize OpenVR with code 110
[2018.01.27-23.25.01:254][  0]LogStats: UGameplayTagsManager::ConstructGameplayTagTree: Construct from data asset -  0.000 s
[2018.01.27-23.25.01:254][  0]LogStats: UGameplayTagsManager::ConstructGameplayTagTree: GameplayTagTreeChangedEvent.Broadcast -  0.000 s
[2018.01.27-23.25.01:411][  0]LogAIModule: Creating AISystem for world Untitled
[2018.01.27-23.25.01:420][  0]LogInit: XAudio2 using 'Headphones (High Definition Audio Device)' : 2 channels at 48 kHz using 16 bits per sample (channel mask 0x3)
[2018.01.27-23.25.01:431][  0]LogInit: FAudioDevice initialized.
[2018.01.27-23.25.01:509][  0]LogDerivedDataCache: Saved boot cache 0.08s 93MB C:/Users/apolanco/AppData/Local/UnrealEngine/4.17/DerivedDataCache/Boot.ddc.
[2018.01.27-23.25.01:525][  0]LogInit: Texture streaming: Enabled
[2018.01.27-23.25.01:670][  0]LogEngineSessionManager: EngineSessionManager initialized
[2018.01.27-23.25.01:929][  0]LogInit: Transaction tracking system initialized
[2018.01.27-23.25.02:298][  0]BlueprintLog: New page: Editor Load
[2018.01.27-23.25.03:389][  0]LocalizationService: Localization service is disabled
[2018.01.27-23.25.04:221][  0]LogConsoleResponse: Display: 
[2018.01.27-23.25.04:397][  0]LogCook: Display: Max memory allowance for cook 16384mb min free memory 0mb
[2018.01.27-23.25.04:397][  0]LogCook: Display: Mobile HDR setting 1
[2018.01.27-23.25.04:397][  0]LogGameplayTags: Display: UGameplayTagsManager::DoneAddingNativeTags. DelegateIsBound: 0
[2018.01.27-23.25.04:666][  0]LogFileCache: Scanning file cache for directory '//sulfur/users/apolanco/My Documents/GGJ 2018/Content/' took 0.18s
[2018.01.27-23.25.05:631][  0]SourceControl: Source control is disabled
[2018.01.27-23.25.05:631][  0]Cmd: MAP LOAD FILE="//sulfur/users/apolanco/My Documents/GGJ 2018/Content/ThirdPersonBP/Maps/ThirdPersonExampleMap.umap" TEMPLATE=0 SHOWPROGRESS=1 FEATURELEVEL=3
[2018.01.27-23.25.05:635][  0]LightingResults: New page: Lighting Build
[2018.01.27-23.25.05:685][  0]MapCheck: New page: Map Check
[2018.01.27-23.25.05:685][  0]LightingResults: New page: Lighting Build
[2018.01.27-23.25.09:928][  0]LogAIModule: Creating AISystem for world ThirdPersonExampleMap
[2018.01.27-23.25.09:947][  0]LogEditorServer: Finished looking for orphan Actors (0.000 secs)
[2018.01.27-23.25.09:972][  0]Cmd: MAP CHECKDEP NOCLEARLOG
[2018.01.27-23.25.10:264][  0]MapCheck: Map check complete: 0 Error(s), 0 Warning(s), took 291.281ms to complete.
[2018.01.27-23.25.10:264][  0]LogFileHelpers: Loading map 'ThirdPersonExampleMap' took 4.633
[2018.01.27-23.25.10:485][  0]LogCollectionManager: Loaded 0 collections in 0.010312 seconds
[2018.01.27-23.25.10:626][  0]LogFileCache: Scanning file cache for directory '//sulfur/users/apolanco/My Documents/GGJ 2018/Saved/Collections/' took 0.01s
[2018.01.27-23.25.10:626][  0]LogFileCache: Scanning file cache for directory '//sulfur/users/apolanco/My Documents/GGJ 2018/Content/Developers/apolanco/Collections/' took 0.01s
[2018.01.27-23.25.10:626][  0]LogFileCache: Scanning file cache for directory '//sulfur/users/apolanco/My Documents/GGJ 2018/Content/Collections/' took 0.01s
[2018.01.27-23.25.10:626][  0]LogCollectionManager: Rebuilt the GUID cache for 0 collections in 0.000000 seconds
[2018.01.27-23.25.10:634][  0]LogContentBrowser: Native class hierarchy populated in 0.0087 seconds. Added 2386 classes and 500 folders.
[2018.01.27-23.25.10:726][  0]LogContentBrowser: Native class hierarchy updated for 'WidgetCarousel' in 0.0015 seconds. Added 0 classes and 0 folders.
[2018.01.27-23.25.10:767][  0]LogContentBrowser: Native class hierarchy updated for 'AddContentDialog' in 0.0012 seconds. Added 0 classes and 0 folders.
[2018.01.27-23.25.10:817][  0]LogContentBrowser: Native class hierarchy updated for 'SceneOutliner' in 0.0013 seconds. Added 1 classes and 2 folders.
[2018.01.27-23.25.10:840][  0]LogSlate: Took 0.000151 seconds to synchronously load lazily loaded font '../../../Engine/Content/Slate/Fonts/Roboto-Regular.ttf' (155K)
[2018.01.27-23.25.10:842][  0]LogSlate: Took 0.000229 seconds to synchronously load lazily loaded font '../../../Engine/Content/Slate/Fonts/Roboto-Bold.ttf' (160K)
[2018.01.27-23.25.10:847][  0]LogSlate: Took 0.000164 seconds to synchronously load lazily loaded font '../../../Engine/Content/Editor/Slate/Fonts/FontAwesome.ttf' (139K)
[2018.01.27-23.25.10:941][  0]LogRenderer: Reallocating scene render targets to support 660x564 Format 10 NumSamples 1 (Frame:1).
[2018.01.27-23.25.11:107][  0]LogContentBrowser: Native class hierarchy updated for 'HierarchicalLODOutliner' in 0.0013 seconds. Added 1 classes and 2 folders.
[2018.01.27-23.25.11:107][  0]LogLoad: (Engine Initialization) Total time: 25.79 seconds
[2018.01.27-23.25.11:107][  0]LogLoad: (Engine Initialization) Total Blueprint compile time: 0.00 seconds
[2018.01.27-23.25.11:107][  0]LogExternalProfiler: No external profilers were discovered.  External profiling features will not be available.
[2018.01.27-23.25.11:116][  0]LogWindowsTextInputMethodSystem: Display: IME system now deactivated.
[2018.01.27-23.25.11:156][  0]LogAssetRegistry: Asset discovery search completed in 17.7971 seconds
[2018.01.27-23.25.11:158][  0]LogCollectionManager: Rebuilt the object cache for 0 collections in 0.000001 seconds (found 0 objects)
[2018.01.27-23.25.11:158][  0]LogCollectionManager: Fixed up redirectors for 0 collections in 0.000057 seconds (updated 0 objects)
[2018.01.27-23.25.11:158][  0]LogDirectoryWatcher: A directory notification failed for '//sulfur/users/apolanco/My Documents/GGJ 2018/Content/' because it was empty or there was a buffer overflow. Attemping another request...
[2018.01.27-23.25.11:158][  0]LogDirectoryWatcher: A directory notification failed for '//sulfur/users/apolanco/My Documents/GGJ 2018/Content/', and we were unable to create a new request.
[2018.01.27-23.25.11:158][  0]LogDirectoryWatcher: A directory notification failed for '//sulfur/users/apolanco/My Documents/GGJ 2018/Saved/Collections/' because it was empty or there was a buffer overflow. Attemping another request...
[2018.01.27-23.25.11:159][  0]LogDirectoryWatcher: A directory notification failed for '//sulfur/users/apolanco/My Documents/GGJ 2018/Content/Developers/apolanco/Collections/' because it was empty or there was a buffer overflow. Attemping another request...
[2018.01.27-23.25.11:159][  0]LogDirectoryWatcher: A directory notification failed for '//sulfur/users/apolanco/My Documents/GGJ 2018/Content/Collections/' because it was empty or there was a buffer overflow. Attemping another request...
[2018.01.27-23.25.11:161][  0]LogContentStreaming: Texture pool size now 1000 MB
[2018.01.27-23.25.11:203][  0]LogSlate: Took 0.000283 seconds to synchronously load lazily loaded font '../../../Engine/Content/Slate/Fonts/Roboto-Light.ttf' (159K)
[2018.01.27-23.25.11:226][  1]LogFileCache: Retrieving MD5 hashes for directory '//sulfur/users/apolanco/My Documents/GGJ 2018/Content/' took 0.10s
[2018.01.27-23.25.11:239][  1]LogDirectoryWatcher: A directory notification failed for '//sulfur/users/apolanco/My Documents/GGJ 2018/Content/Developers/apolanco/Collections/' because it was empty or there was a buffer overflow. Attemping another request...
[2018.01.27-23.25.11:240][  1]LogDirectoryWatcher: A directory notification failed for '//sulfur/users/apolanco/My Documents/GGJ 2018/Content/Developers/apolanco/Collections/', and we were unable to create a new request.
[2018.01.27-23.25.11:240][  1]LogDirectoryWatcher: A directory notification failed for '//sulfur/users/apolanco/My Documents/GGJ 2018/Saved/Collections/' because it was empty or there was a buffer overflow. Attemping another request...
[2018.01.27-23.25.11:241][  1]LogDirectoryWatcher: A directory notification failed for '//sulfur/users/apolanco/My Documents/GGJ 2018/Saved/Collections/', and we were unable to create a new request.
[2018.01.27-23.25.11:241][  1]LogDirectoryWatcher: A directory notification failed for '//sulfur/users/apolanco/My Documents/GGJ 2018/Content/Collections/' because it was empty or there was a buffer overflow. Attemping another request...
[2018.01.27-23.25.11:242][  1]LogDirectoryWatcher: A directory notification failed for '//sulfur/users/apolanco/My Documents/GGJ 2018/Content/Collections/', and we were unable to create a new request.
[2018.01.27-23.25.12:142][ 89]LogSlate: Took 0.000188 seconds to synchronously load lazily loaded font '../../../Engine/Content/Slate/Fonts/Roboto-Light.ttf' (159K)
[2018.01.27-23.25.14:237][274]LogRenderer: Reallocating scene render targets to support 996x600 Format 10 NumSamples 1 (Frame:277).
[2018.01.27-23.25.21:455][119]LogSlate: Took 0.000136 seconds to synchronously load lazily loaded font '../../../Engine/Content/Slate/Fonts/Roboto-Light.ttf' (159K)
[2018.01.27-23.25.32:416][792]LogContentBrowser: Native class hierarchy updated for 'BlueprintGraph' in 0.0021 seconds. Added 113 classes and 0 folders.
[2018.01.27-23.25.33:006][792]LogSlate: Took 0.000131 seconds to synchronously load lazily loaded font '../../../Engine/Content/Slate/Fonts/Roboto-Regular.ttf' (155K)
[2018.01.27-23.25.35:098][987]LogRenderer: Reallocating scene render targets to support 1144x744 Format 10 NumSamples 1 (Frame:190).
[2018.01.27-23.25.42:118][820]LogSlate: Warning: Prevented a slow task dialog from being summoned while a context menu was open
[2018.01.27-23.25.43:604][996]LogSlate: Warning: Prevented a slow task dialog from being summoned while a context menu was open
[2018.01.27-23.25.46:650][356]LogSlate: Warning: Prevented a slow task dialog from being summoned while a context menu was open
[2018.01.27-23.25.50:359][797]LogSlate: Warning: Prevented a slow task dialog from being summoned while a context menu was open
[2018.01.27-23.25.50:390][797]LogLinker: Warning: Can't find file '/Game/Assets/Geometry/Meshes/1M_Cube'
[2018.01.27-23.25.50:390][797]LogLinker: Warning: Can't find file for asset '/Game/Assets/Geometry/Meshes/1M_Cube' while loading //sulfur/users/apolanco/My Documents/GGJ 2018/Content/Blueprints/Player/SkaterPawn.uasset.
[2018.01.27-23.25.50:391][797]LoadErrors: Error: /Game/Blueprints/Player/SkaterPawn : Can't find file for asset. /Game/Assets/Geometry/Meshes/1M_Cube
[2018.01.27-23.25.50:391][797]LogLinker: Warning: Can't find file '/Game/Assets/Geometry/Meshes/1M_Cube'
[2018.01.27-23.25.50:392][797]LogLinker: Warning: Can't find file for asset '/Game/Assets/Geometry/Meshes/1M_Cube' while loading //sulfur/users/apolanco/My Documents/GGJ 2018/Content/Blueprints/Player/SkaterPawn.uasset.
[2018.01.27-23.25.50:414][797]LogLinker: Warning: Can't find file '/Game/Assets/Geometry/Meshes/1M_Cube'
[2018.01.27-23.25.50:415][797]LogLinker: Warning: Can't find file for asset '/Game/Assets/Geometry/Meshes/1M_Cube' while loading NULL.
[2018.01.27-23.25.50:415][797]LogLinker: Warning: Can't find file '/Game/Assets/Geometry/Meshes/1M_Cube'
[2018.01.27-23.25.50:416][797]LogLinker: Warning: Can't find file for asset '/Game/Assets/Geometry/Meshes/1M_Cube' while loading NULL.
[2018.01.27-23.25.50:425][797]LogLinker: Warning: Can't find file '/Game/Assets/Geometry/Meshes/1M_Cube'
[2018.01.27-23.25.50:425][797]LoadErrors: Failed to load /Game/Assets/Geometry/Meshes/1M_Cube.1M_Cube Referenced by StaticMesh_GEN_VARIABLE
[2018.01.27-23.25.50:425][797]LogLinker: Warning: Can't find file for asset '/Game/Assets/Geometry/Meshes/1M_Cube' while loading NULL.
[2018.01.27-23.25.50:441][797]LogBlueprint: Warning: [Compiler SkaterPawn] InputAction Event references unknown Action 'DecreaseForce' for  InputAction DecreaseForce
[2018.01.27-23.25.50:442][797]LogBlueprint: Warning: [Compiler SkaterPawn] InputAction Event references unknown Action 'IncreaseForce' for  InputAction IncreaseForce
[2018.01.27-23.25.50:451][797]LogBlueprint: Warning: [Compiler SkaterPawn] [0065.13] Compile of SkaterPawn successful, but with 2 Warning(s) [in 24 ms] (/Game/Blueprints/Player/SkaterPawn.SkaterPawn)
[2018.01.27-23.25.51:969][973]Cmd: OBJ SAVEPACKAGE PACKAGE="/Game/SkaterGameMode" FILE="//sulfur/users/apolanco/My Documents/GGJ 2018/Content/SkaterGameMode.uasset" SILENT=true
[2018.01.27-23.25.52:108][973]LogSavePackage: Save=106.62ms
[2018.01.27-23.25.52:108][973]LogSavePackage: Moving '//sulfur/users/apolanco/My Documents/GGJ 2018/Saved/SkaterGameModeB2E767944B5EAE99992FDE8A903EDE14.tmp' to '//sulfur/users/apolanco/My Documents/GGJ 2018/Content/SkaterGameMode.uasset'
[2018.01.27-23.25.52:156][973]LogSavePackage: Display: Finished SavePackage //sulfur/users/apolanco/My Documents/GGJ 2018/Content/SkaterGameMode.uasset
[2018.01.27-23.25.52:619][ 28]BlueprintLog: New page: Compile SkaterGameMode
[2018.01.27-23.25.57:225][463]LogSlate: Warning: Prevented a slow task dialog from being summoned while a context menu was open
[2018.01.27-23.26.03:348][839]LogEditorViewport: Clicking on Actor (LMB): ThirdPersonCharacter_C (ThirdPersonCharacter)
[2018.01.27-23.26.04:605][969]Cmd: DELETE
[2018.01.27-23.26.04:605][969]Cmd: ACTOR DELETE
[2018.01.27-23.26.04:648][969]LogEditorActor: Deleted Actor: ThirdPersonCharacter_C
[2018.01.27-23.26.04:692][969]LogEditorActor: Deleted 1 Actors (0.087 secs)
[2018.01.27-23.26.05:896][113]LogTemp: Repeating last play command: Selected Viewport
[2018.01.27-23.26.06:332][113]LogBlueprintUserMessages: Early PlayInEditor Detection: Level '/Game/ThirdPersonBP/Maps/ThirdPersonExampleMap.ThirdPersonExampleMap:PersistentLevel' has LevelScriptBlueprint '/Game/ThirdPersonBP/Maps/ThirdPersonExampleMap.ThirdPersonExampleMap:PersistentLevel.ThirdPersonExampleMap' with GeneratedClass '/Game/ThirdPersonBP/Maps/ThirdPersonExampleMap.ThirdPersonExampleMap_C' with ClassGeneratedBy '/Game/ThirdPersonBP/Maps/ThirdPersonExampleMap.ThirdPersonExampleMap:PersistentLevel.ThirdPersonExampleMap'
[2018.01.27-23.26.06:332][113]LogPlayLevel: PlayLevel: No blueprints needed recompiling
[2018.01.27-23.26.06:333][113]PIE: New page: PIE session: ThirdPersonExampleMap (Jan 27, 2018, 1:26:06 PM)
[2018.01.27-23.26.06:333][113]LogPlayLevel: Creating play world package: /Game/ThirdPersonBP/Maps/UEDPIE_0_ThirdPersonExampleMap
[2018.01.27-23.26.06:369][113]LogPlayLevel: PIE: StaticDuplicateObject took: (0.036325s)
[2018.01.27-23.26.06:370][113]LogAIModule: Creating AISystem for world ThirdPersonExampleMap
[2018.01.27-23.26.06:370][113]LogPlayLevel: PIE: World Init took: (0.001080s)
[2018.01.27-23.26.06:371][113]LogPlayLevel: PIE: Created PIE world by copying editor world from /Game/ThirdPersonBP/Maps/ThirdPersonExampleMap.ThirdPersonExampleMap to /Game/ThirdPersonBP/Maps/UEDPIE_0_ThirdPersonExampleMap.ThirdPersonExampleMap (0.037839s)
[2018.01.27-23.26.06:403][113]LogInit: XAudio2 using 'Headphones (High Definition Audio Device)' : 2 channels at 48 kHz using 16 bits per sample (channel mask 0x3)
[2018.01.27-23.26.06:409][113]LogInit: FAudioDevice initialized.
[2018.01.27-23.26.06:451][113]LogLoad: Game class is 'SkaterGameMode_C'
[2018.01.27-23.26.06:454][113]LogWorld: Bringing World /Game/ThirdPersonBP/Maps/UEDPIE_0_ThirdPersonExampleMap.ThirdPersonExampleMap up for play (max tick rate 0) at 2018.01.27-18.26.06
[2018.01.27-23.26.06:454][113]LogWorld: Bringing up level for play took: 0.001797
[2018.01.27-23.26.06:528][113]LogContentBrowser: Native class hierarchy updated for 'MovieSceneCapture' in 0.0013 seconds. Added 11 classes and 0 folders.
[2018.01.27-23.26.06:530][113]LogBlueprintUserMessages: [Rail_133] X=-540.000 Y=790.000 Z=320.000
[2018.01.27-23.26.06:530][113]PIE: Play in editor start time for /Game/ThirdPersonBP/Maps/UEDPIE_0_ThirdPersonExampleMap -0.39
[2018.01.27-23.26.06:530][113]LogBlueprintUserMessages: Late PlayInEditor Detection: Level '/Game/ThirdPersonBP/Maps/ThirdPersonExampleMap.ThirdPersonExampleMap:PersistentLevel' has LevelScriptBlueprint '/Game/ThirdPersonBP/Maps/ThirdPersonExampleMap.ThirdPersonExampleMap:PersistentLevel.ThirdPersonExampleMap' with GeneratedClass '/Game/ThirdPersonBP/Maps/ThirdPersonExampleMap.ThirdPersonExampleMap_C' with ClassGeneratedBy '/Game/ThirdPersonBP/Maps/ThirdPersonExampleMap.ThirdPersonExampleMap:PersistentLevel.ThirdPersonExampleMap'
[2018.01.27-23.26.20:410][758]LogBlueprintUserMessages: Early EndPlayMap Detection: Level '/Game/ThirdPersonBP/Maps/ThirdPersonExampleMap.ThirdPersonExampleMap:PersistentLevel' has LevelScriptBlueprint '/Game/ThirdPersonBP/Maps/ThirdPersonExampleMap.ThirdPersonExampleMap:PersistentLevel.ThirdPersonExampleMap' with GeneratedClass '/Game/ThirdPersonBP/Maps/ThirdPersonExampleMap.ThirdPersonExampleMap_C' with ClassGeneratedBy '/Game/ThirdPersonBP/Maps/ThirdPersonExampleMap.ThirdPersonExampleMap:PersistentLevel.ThirdPersonExampleMap'
[2018.01.27-23.26.20:442][758]LogBlueprintUserMessages: Late EndPlayMap Detection: Level '/Game/ThirdPersonBP/Maps/ThirdPersonExampleMap.ThirdPersonExampleMap:PersistentLevel' has LevelScriptBlueprint '/Game/ThirdPersonBP/Maps/ThirdPersonExampleMap.ThirdPersonExampleMap:PersistentLevel.ThirdPersonExampleMap' with GeneratedClass '/Game/ThirdPersonBP/Maps/ThirdPersonExampleMap.ThirdPersonExampleMap_C' with ClassGeneratedBy '/Game/ThirdPersonBP/Maps/ThirdPersonExampleMap.ThirdPersonExampleMap:PersistentLevel.ThirdPersonExampleMap'
[2018.01.27-23.26.26:832][427]LogSlate: Took 0.005007 seconds to synchronously load lazily loaded font '../../../Engine/Content/Editor/Slate/Fonts/Roboto-BoldCondensed.ttf' (158K)
[2018.01.27-23.26.27:208][428]LogSlate: Took 0.004938 seconds to synchronously load lazily loaded font '../../../Engine/Content/Editor/Slate/Fonts/Roboto-Italic.ttf' (157K)
[2018.01.27-23.26.32:024][852]BlueprintLog: New page: Compile SkaterPawn
[2018.01.27-23.26.32:085][852]LogBlueprint: Warning: [Compiler SkaterPawn] InputAction Event references unknown Action 'DecreaseForce' for  InputAction DecreaseForce
[2018.01.27-23.26.32:086][852]LogBlueprint: Warning: [Compiler SkaterPawn] InputAction Event references unknown Action 'IncreaseForce' for  InputAction IncreaseForce
[2018.01.27-23.26.32:250][852]LogBlueprint: Warning: [Compiler SkaterPawn] [0106.94] Compile of SkaterPawn successful, but with 2 Warning(s) [in 226 ms] (/Game/Blueprints/Player/SkaterPawn.SkaterPawn)
[2018.01.27-23.26.46:030][261]LogTemp: Executing iPhonePackager certificates Engine -bundlename com.YourCompany.cellshading
[2018.01.27-23.26.46:030][261]LogTemp: CWD: C:\Program Files\Epic Games\UE_4.17\Engine\Binaries\DotNET\IOS
[2018.01.27-23.26.46:030][261]LogTemp: Initial Dir: C:\Program Files\Epic Games\UE_4.17
[2018.01.27-23.26.46:030][261]LogTemp: Env CWD: C:\Program Files\Epic Games\UE_4.17\Engine\Binaries\DotNET\IOS
[2018.01.27-23.26.46:030][261]LogTemp: BranchPath = ATC203-43/C/Program Files/Epic Games/UE_4.17/Engine/Binaries --- GameBranchPath = ATC203-43/C/Program Files/Epic Games/UE_4.17/Engine/Binaries
[2018.01.27-23.26.46:049][262]LogTemp: IPP ERROR: Could not find provision directory 'C:\Users\apolanco\AppData\Local/Apple Computer/MobileDevice/Provisioning Profiles/'.
[2018.01.27-23.27.17:376][881]BlueprintLog: New page: Compile SkaterPawn
[2018.01.27-23.27.18:169][932]Cmd: OBJ SAVEPACKAGE PACKAGE="/Game/Blueprints/Player/SkaterPawn" FILE="//sulfur/users/apolanco/My Documents/GGJ 2018/Content/Blueprints/Player/SkaterPawn.uasset" SILENT=true
[2018.01.27-23.27.20:257][932]LogSavePackage: Save=1610.48ms
[2018.01.27-23.27.20:257][932]LogSavePackage: Moving '//sulfur/users/apolanco/My Documents/GGJ 2018/Saved/SkaterPawnB88C47034030969267BC3BB5039C5231.tmp' to '//sulfur/users/apolanco/My Documents/GGJ 2018/Content/Blueprints/Player/SkaterPawn.uasset'
[2018.01.27-23.27.20:354][932]LogSavePackage: Display: Finished SavePackage //sulfur/users/apolanco/My Documents/GGJ 2018/Content/Blueprints/Player/SkaterPawn.uasset
[2018.01.27-23.27.26:126][610]Cmd: BRUSH ADD SELECTNEWBRUSH
[2018.01.27-23.27.42:165][480]Cmd: BRUSH ADD SELECTNEWBRUSH
[2018.01.27-23.27.48:303][207]LogEditorViewport: Clicking on Actor (LMB): Brush (Cylinder Brush)
[2018.01.27-23.28.01:096][706]LogTemp: Repeating last play command: Selected Viewport
[2018.01.27-23.28.01:124][706]LogBlueprintUserMessages: Early PlayInEditor Detection: Level '/Game/ThirdPersonBP/Maps/ThirdPersonExampleMap.ThirdPersonExampleMap:PersistentLevel' has LevelScriptBlueprint '/Game/ThirdPersonBP/Maps/ThirdPersonExampleMap.ThirdPersonExampleMap:PersistentLevel.ThirdPersonExampleMap' with GeneratedClass '/Game/ThirdPersonBP/Maps/ThirdPersonExampleMap.ThirdPersonExampleMap_C' with ClassGeneratedBy '/Game/ThirdPersonBP/Maps/ThirdPersonExampleMap.ThirdPersonExampleMap:PersistentLevel.ThirdPersonExampleMap'
[2018.01.27-23.28.01:125][706]LogPlayLevel: PlayLevel: No blueprints needed recompiling
[2018.01.27-23.28.01:125][706]PIE: New page: PIE session: ThirdPersonExampleMap (Jan 27, 2018, 1:28:01 PM)
[2018.01.27-23.28.01:125][706]LogPlayLevel: Creating play world package: /Game/ThirdPersonBP/Maps/UEDPIE_0_ThirdPersonExampleMap
[2018.01.27-23.28.01:151][706]LogPlayLevel: PIE: StaticDuplicateObject took: (0.025773s)
[2018.01.27-23.28.01:152][706]LogAIModule: Creating AISystem for world ThirdPersonExampleMap
[2018.01.27-23.28.01:152][706]LogPlayLevel: PIE: World Init took: (0.001100s)
[2018.01.27-23.28.01:152][706]LogPlayLevel: PIE: Created PIE world by copying editor world from /Game/ThirdPersonBP/Maps/ThirdPersonExampleMap.ThirdPersonExampleMap to /Game/ThirdPersonBP/Maps/UEDPIE_0_ThirdPersonExampleMap.ThirdPersonExampleMap (0.027190s)
[2018.01.27-23.28.01:178][706]LogInit: XAudio2 using 'Headphones (High Definition Audio Device)' : 2 channels at 48 kHz using 16 bits per sample (channel mask 0x3)
[2018.01.27-23.28.01:184][706]LogInit: FAudioDevice initialized.
[2018.01.27-23.28.01:213][706]LogLoad: Game class is 'SkaterGameMode_C'
[2018.01.27-23.28.01:216][706]LogWorld: Bringing World /Game/ThirdPersonBP/Maps/UEDPIE_0_ThirdPersonExampleMap.ThirdPersonExampleMap up for play (max tick rate 0) at 2018.01.27-18.28.01
[2018.01.27-23.28.01:216][706]LogWorld: Bringing up level for play took: 0.001736
[2018.01.27-23.28.01:217][706]LogBlueprintUserMessages: [Rail_133] X=-540.000 Y=790.000 Z=320.000
[2018.01.27-23.28.01:217][706]PIE: Play in editor start time for /Game/ThirdPersonBP/Maps/UEDPIE_0_ThirdPersonExampleMap 0.299
[2018.01.27-23.28.01:218][706]LogBlueprintUserMessages: Late PlayInEditor Detection: Level '/Game/ThirdPersonBP/Maps/ThirdPersonExampleMap.ThirdPersonExampleMap:PersistentLevel' has LevelScriptBlueprint '/Game/ThirdPersonBP/Maps/ThirdPersonExampleMap.ThirdPersonExampleMap:PersistentLevel.ThirdPersonExampleMap' with GeneratedClass '/Game/ThirdPersonBP/Maps/ThirdPersonExampleMap.ThirdPersonExampleMap_C' with ClassGeneratedBy '/Game/ThirdPersonBP/Maps/ThirdPersonExampleMap.ThirdPersonExampleMap:PersistentLevel.ThirdPersonExampleMap'
[2018.01.27-23.28.18:100][728]LogBlueprintUserMessages: Early EndPlayMap Detection: Level '/Game/ThirdPersonBP/Maps/ThirdPersonExampleMap.ThirdPersonExampleMap:PersistentLevel' has LevelScriptBlueprint '/Game/ThirdPersonBP/Maps/ThirdPersonExampleMap.ThirdPersonExampleMap:PersistentLevel.ThirdPersonExampleMap' with GeneratedClass '/Game/ThirdPersonBP/Maps/ThirdPersonExampleMap.ThirdPersonExampleMap_C' with ClassGeneratedBy '/Game/ThirdPersonBP/Maps/ThirdPersonExampleMap.ThirdPersonExampleMap:PersistentLevel.ThirdPersonExampleMap'
[2018.01.27-23.28.18:139][728]LogBlueprintUserMessages: Late EndPlayMap Detection: Level '/Game/ThirdPersonBP/Maps/ThirdPersonExampleMap.ThirdPersonExampleMap:PersistentLevel' has LevelScriptBlueprint '/Game/ThirdPersonBP/Maps/ThirdPersonExampleMap.ThirdPersonExampleMap:PersistentLevel.ThirdPersonExampleMap' with GeneratedClass '/Game/ThirdPersonBP/Maps/ThirdPersonExampleMap.ThirdPersonExampleMap_C' with ClassGeneratedBy '/Game/ThirdPersonBP/Maps/ThirdPersonExampleMap.ThirdPersonExampleMap:PersistentLevel.ThirdPersonExampleMap'
[2018.01.27-23.28.23:665][330]LogEditorViewport: Clicking on Actor (LMB): StaticMeshActor (Wall10)
[2018.01.27-23.28.25:113][460]LogEditorViewport: Clicking on Actor (LMB): Brush (Cylinder Brush)
[2018.01.27-23.28.59:621][461]LogTemp: Repeating last play command: Selected Viewport
[2018.01.27-23.28.59:653][461]LogBlueprintUserMessages: Early PlayInEditor Detection: Level '/Game/ThirdPersonBP/Maps/ThirdPersonExampleMap.ThirdPersonExampleMap:PersistentLevel' has LevelScriptBlueprint '/Game/ThirdPersonBP/Maps/ThirdPersonExampleMap.ThirdPersonExampleMap:PersistentLevel.ThirdPersonExampleMap' with GeneratedClass '/Game/ThirdPersonBP/Maps/ThirdPersonExampleMap.ThirdPersonExampleMap_C' with ClassGeneratedBy '/Game/ThirdPersonBP/Maps/ThirdPersonExampleMap.ThirdPersonExampleMap:PersistentLevel.ThirdPersonExampleMap'
[2018.01.27-23.28.59:653][461]LogPlayLevel: PlayLevel: No blueprints needed recompiling
[2018.01.27-23.28.59:653][461]PIE: New page: PIE session: ThirdPersonExampleMap (Jan 27, 2018, 1:28:59 PM)
[2018.01.27-23.28.59:653][461]LogPlayLevel: Creating play world package: /Game/ThirdPersonBP/Maps/UEDPIE_0_ThirdPersonExampleMap
[2018.01.27-23.28.59:680][461]LogPlayLevel: PIE: StaticDuplicateObject took: (0.026591s)
[2018.01.27-23.28.59:681][461]LogAIModule: Creating AISystem for world ThirdPersonExampleMap
[2018.01.27-23.28.59:681][461]LogPlayLevel: PIE: World Init took: (0.001214s)
[2018.01.27-23.28.59:682][461]LogPlayLevel: PIE: Created PIE world by copying editor world from /Game/ThirdPersonBP/Maps/ThirdPersonExampleMap.ThirdPersonExampleMap to /Game/ThirdPersonBP/Maps/UEDPIE_0_ThirdPersonExampleMap.ThirdPersonExampleMap (0.028226s)
[2018.01.27-23.28.59:707][461]LogInit: XAudio2 using 'Headphones (High Definition Audio Device)' : 2 channels at 48 kHz using 16 bits per sample (channel mask 0x3)
[2018.01.27-23.28.59:713][461]LogInit: FAudioDevice initialized.
[2018.01.27-23.28.59:748][461]LogLoad: Game class is 'SkaterGameMode_C'
[2018.01.27-23.28.59:750][461]LogWorld: Bringing World /Game/ThirdPersonBP/Maps/UEDPIE_0_ThirdPersonExampleMap.ThirdPersonExampleMap up for play (max tick rate 0) at 2018.01.27-18.28.59
[2018.01.27-23.28.59:750][461]LogWorld: Bringing up level for play took: 0.001795
[2018.01.27-23.28.59:752][461]LogBlueprintUserMessages: [Rail_133] X=-540.000 Y=790.000 Z=320.000
[2018.01.27-23.28.59:752][461]PIE: Play in editor start time for /Game/ThirdPersonBP/Maps/UEDPIE_0_ThirdPersonExampleMap 0.834
[2018.01.27-23.28.59:752][461]LogBlueprintUserMessages: Late PlayInEditor Detection: Level '/Game/ThirdPersonBP/Maps/ThirdPersonExampleMap.ThirdPersonExampleMap:PersistentLevel' has LevelScriptBlueprint '/Game/ThirdPersonBP/Maps/ThirdPersonExampleMap.ThirdPersonExampleMap:PersistentLevel.ThirdPersonExampleMap' with GeneratedClass '/Game/ThirdPersonBP/Maps/ThirdPersonExampleMap.ThirdPersonExampleMap_C' with ClassGeneratedBy '/Game/ThirdPersonBP/Maps/ThirdPersonExampleMap.ThirdPersonExampleMap:PersistentLevel.ThirdPersonExampleMap'
[2018.01.27-23.29.26:314][644]LogBlueprintUserMessages: Early EndPlayMap Detection: Level '/Game/ThirdPersonBP/Maps/ThirdPersonExampleMap.ThirdPersonExampleMap:PersistentLevel' has LevelScriptBlueprint '/Game/ThirdPersonBP/Maps/ThirdPersonExampleMap.ThirdPersonExampleMap:PersistentLevel.ThirdPersonExampleMap' with GeneratedClass '/Game/ThirdPersonBP/Maps/ThirdPersonExampleMap.ThirdPersonExampleMap_C' with ClassGeneratedBy '/Game/ThirdPersonBP/Maps/ThirdPersonExampleMap.ThirdPersonExampleMap:PersistentLevel.ThirdPersonExampleMap'
[2018.01.27-23.29.26:360][644]LogBlueprintUserMessages: Late EndPlayMap Detection: Level '/Game/ThirdPersonBP/Maps/ThirdPersonExampleMap.ThirdPersonExampleMap:PersistentLevel' has LevelScriptBlueprint '/Game/ThirdPersonBP/Maps/ThirdPersonExampleMap.ThirdPersonExampleMap:PersistentLevel.ThirdPersonExampleMap' with GeneratedClass '/Game/ThirdPersonBP/Maps/ThirdPersonExampleMap.ThirdPersonExampleMap_C' with ClassGeneratedBy '/Game/ThirdPersonBP/Maps/ThirdPersonExampleMap.ThirdPersonExampleMap:PersistentLevel.ThirdPersonExampleMap'
[2018.01.27-23.29.46:733][452]LogEditorViewport: Clicking on Actor (LMB): StaticMeshActor (Ramp_StaticMesh)
[2018.01.27-23.29.54:452][506]LogSavePackage: Save=6490.20ms
[2018.01.27-23.29.54:452][506]LogSavePackage: Moving '//sulfur/users/apolanco/My Documents/GGJ 2018/Saved/ThirdPersonExampleMapF0AC37274476DD757EB89BBAEF840247.tmp' to '//sulfur/users/apolanco/My Documents/GGJ 2018/Content/ThirdPersonBP/Maps/ThirdPersonExampleMap.umap'
[2018.01.27-23.29.54:554][506]LogSavePackage: Display: Finished SavePackage //sulfur/users/apolanco/My Documents/GGJ 2018/Content/ThirdPersonBP/Maps/ThirdPersonExampleMap.umap
[2018.01.27-23.29.56:509][506]LogSavePackage: Save=732.44ms
[2018.01.27-23.29.56:509][506]LogSavePackage: Moving '//sulfur/users/apolanco/My Documents/GGJ 2018/Saved/ThirdPersonExampleMap_BuiltDataD8A81D76429B522161A6AAA50962219B.tmp' to '//sulfur/users/apolanco/My Documents/GGJ 2018/Content/ThirdPersonBP/Maps/ThirdPersonExampleMap_BuiltData.uasset'
[2018.01.27-23.29.56:550][506]LogSavePackage: Display: Finished SavePackage //sulfur/users/apolanco/My Documents/GGJ 2018/Content/ThirdPersonBP/Maps/ThirdPersonExampleMap_BuiltData.uasset
